<?xml version="1.0" encoding="UTF-8"?>
<robot generator="Robot 5.0.1 (Python 3.9.13 on win32)" generated="20220706 20:45:12.499" rpa="false" schemaversion="3">
<suite id="s1" name="narayanaBrahmajyoti" source="C:\Users\Israel\Documents\Nara\CTD-mochila-do-viajante\testing_1\ProvaFinal\narayanaBrahmajyoti.robot">
<test id="s1-t1" name="Processo de compra de uma camiseta no site Chico Rei" line="9">
<kw name="Acessar o site Chico Rei" library="narayanaBrahmajyoti">
<kw name="Open Browser" library="SeleniumLibrary">
<arg>${SITE}</arg>
<arg>${NAVEGADOR}</arg>
<doc>Opens a new browser instance to the optional ``url``.</doc>
<msg timestamp="20220706 20:45:12.780" level="INFO">Opening browser 'Firefox' to base url 'https://chicorei.com/'.</msg>
<msg timestamp="20220706 20:45:12.786" level="INFO">Firefox driver log is always forced to to: C:\Users\Israel\Documents\Nara\CTD-mochila-do-viajante\testing_1\ProvaFinal\geckodriver-89.log</msg>
<status status="PASS" starttime="20220706 20:45:12.780" endtime="20220706 20:45:22.955"/>
</kw>
<kw name="Maximize Browser Window" library="SeleniumLibrary">
<doc>Maximizes current browser window.</doc>
<status status="PASS" starttime="20220706 20:45:22.956" endtime="20220706 20:45:22.967"/>
</kw>
<status status="PASS" starttime="20220706 20:45:12.779" endtime="20220706 20:45:22.968"/>
</kw>
<status status="PASS" starttime="20220706 20:45:12.776" endtime="20220706 20:45:23.018"/>
</test>
<test id="s1-t2" name="Processo de compra de uma camiseta &quot;Vira lata caramelo&quot; no site Chico Rei" line="11">
<kw name="Clicar em &quot;Concordar&quot; no aviso sobre Cookies" library="narayanaBrahmajyoti">
<kw name="Click Element" library="SeleniumLibrary">
<arg>${CONCORDAR_COOKIES}</arg>
<doc>Click the element identified by ``locator``.</doc>
<msg timestamp="20220706 20:45:23.022" level="INFO">Clicking element 'css=#confirmPolicyButton'.</msg>
<status status="PASS" starttime="20220706 20:45:23.021" endtime="20220706 20:45:23.454"/>
</kw>
<status status="PASS" starttime="20220706 20:45:23.021" endtime="20220706 20:45:23.454"/>
</kw>
<kw name="Pesquisar por &quot;Vira lata caramelo&quot; e selecionar a primeira opção da lista de resultados" library="narayanaBrahmajyoti">
<kw name="Input Text" library="SeleniumLibrary">
<arg>${CAMPO_PESQUISA}</arg>
<arg>${PESQ_VIRA_LATA}</arg>
<doc>Types the given ``text`` into the text field identified by ``locator``.</doc>
<msg timestamp="20220706 20:45:23.465" level="INFO">Typing text 'Vira Lata Caramelo' into text field 'id=header-search-input-desktop'.</msg>
<status status="PASS" starttime="20220706 20:45:23.464" endtime="20220706 20:45:23.600"/>
</kw>
<kw name="Sleep" library="BuiltIn">
<arg>${SLEEP}</arg>
<doc>Pauses the test executed for the given time.</doc>
<msg timestamp="20220706 20:45:25.602" level="INFO">Slept 2 seconds</msg>
<status status="PASS" starttime="20220706 20:45:23.600" endtime="20220706 20:45:25.602"/>
</kw>
<kw name="Click Element" library="SeleniumLibrary">
<arg>${RES_PESQ_VIRA_LATA}</arg>
<doc>Click the element identified by ``locator``.</doc>
<msg timestamp="20220706 20:45:25.603" level="INFO">Clicking element 'xpath=//div/div/div[2]/div'.</msg>
<msg timestamp="20220706 20:45:25.808" level="INFO" html="true">&lt;/td&gt;&lt;/tr&gt;&lt;tr&gt;&lt;td colspan="3"&gt;&lt;a href="selenium-screenshot-17.png"&gt;&lt;img src="selenium-screenshot-17.png" width="800px"&gt;&lt;/a&gt;</msg>
<msg timestamp="20220706 20:45:25.809" level="FAIL">ElementNotInteractableException: Message: Element &lt;div class="header-search-overlay hidden-xs"&gt; could not be scrolled into view
Stacktrace:
WebDriverError@chrome://remote/content/shared/webdriver/Errors.jsm:186:5
ElementNotInteractableError@chrome://remote/content/shared/webdriver/Errors.jsm:296:5
webdriverClickElement@chrome://remote/content/marionette/interaction.js:156:11
interaction.clickElement@chrome://remote/content/marionette/interaction.js:125:11
clickElement@chrome://remote/content/marionette/actors/MarionetteCommandsChild.jsm:203:24
receiveMessage@chrome://remote/content/marionette/actors/MarionetteCommandsChild.jsm:91:31
</msg>
<status status="FAIL" starttime="20220706 20:45:25.603" endtime="20220706 20:45:25.930"/>
</kw>
<status status="FAIL" starttime="20220706 20:45:23.463" endtime="20220706 20:45:25.931"/>
</kw>
<kw name="Validar se o valor do produto é &quot;R$ 69,99&quot;" library="narayanaBrahmajyoti">
<status status="NOT RUN" starttime="20220706 20:45:25.932" endtime="20220706 20:45:25.932"/>
</kw>
<kw name="Selecionar um tamanho, cor e clicar em comprar" library="narayanaBrahmajyoti">
<status status="NOT RUN" starttime="20220706 20:45:25.933" endtime="20220706 20:45:25.933"/>
</kw>
<kw name="Clicar em &quot;Ver sacola&quot;" library="narayanaBrahmajyoti">
<status status="NOT RUN" starttime="20220706 20:45:25.933" endtime="20220706 20:45:25.933"/>
</kw>
<kw name="Validar se a mensagem &quot;VOCÊ ESTÁ ACUMULANDO 1 PONTO NO CARTÃO FIDELIDADE!&quot; está sendo exibida" library="narayanaBrahmajyoti">
<status status="NOT RUN" starttime="20220706 20:45:25.934" endtime="20220706 20:45:25.934"/>
</kw>
<kw name="Clicar em &quot;Fechar pedido&quot;" library="narayanaBrahmajyoti">
<status status="NOT RUN" starttime="20220706 20:45:25.937" endtime="20220706 20:45:25.937"/>
</kw>
<status status="FAIL" starttime="20220706 20:45:23.020" endtime="20220706 20:45:25.938">ElementNotInteractableException: Message: Element &lt;div class="header-search-overlay hidden-xs"&gt; could not be scrolled into view
Stacktrace:
WebDriverError@chrome://remote/content/shared/webdriver/Errors.jsm:186:5
ElementNotInteractableError@chrome://remote/content/shared/webdriver/Errors.jsm:296:5
webdriverClickElement@chrome://remote/content/marionette/interaction.js:156:11
interaction.clickElement@chrome://remote/content/marionette/interaction.js:125:11
clickElement@chrome://remote/content/marionette/actors/MarionetteCommandsChild.jsm:203:24
receiveMessage@chrome://remote/content/marionette/actors/MarionetteCommandsChild.jsm:91:31
</status>
</test>
<status status="FAIL" starttime="20220706 20:45:12.501" endtime="20220706 20:45:25.946"/>
</suite>
<statistics>
<total>
<stat pass="1" fail="1" skip="0">All Tests</stat>
</total>
<tag>
</tag>
<suite>
<stat pass="1" fail="1" skip="0" id="s1" name="narayanaBrahmajyoti">narayanaBrahmajyoti</stat>
</suite>
</statistics>
<errors>
</errors>
</robot>
